
          -------------------------------------------------------
          Amber 21 SANDER                              2021
          -------------------------------------------------------

| Run on 11/09/2021 at 09:43:41

|   Executable path: /home/finlayclark/software/amber20/bin/sander
| Working directory: /home/finlayclark/Documents/research/restraint_comparison_mif/testing/dg_hyd/mif180_own_param/vacuum/input/hydration_free_energy_minimisation/notebook_work_dir/sander
|          Hostname: Unknown
  [-O]verwriting output

File Assignments:
|  MDIN: amber.cfg                                                             
| MDOUT: stdout                                                                
|INPCRD: amber.rst7                                                            
|  PARM: amber.prm7                                                            
|RESTRT: amber.crd                                                             
|  REFC: refc                                                                  
| MDVEL: mdvel                                                                 
| MDFRC: mdfrc                                                                 
|  MDEN: mden                                                                  
| MDCRD: mdcrd                                                                 
|MDINFO: amber.nrg                                                             
|  MTMD: mtmd                                                                  
|INPDIP: inpdip                                                                
|RSTDIP: rstdip                                                                
|INPTRA: inptraj                                                               


 Here is the input file:

Minimisation                                                                   
 &cntrl                                                                        
  imin=1,                                                                      
  ntx=1,                                                                       
  ntxo=1,                                                                      
  ntpr=100,                                                                    
  irest=0,                                                                     
  maxcyc=1000,                                                                 
  ncyc=1000,                                                                   
  ntb=0,                                                                       
  cut=999.,                                                                    
 /                                                                             

--------------------------------------------------------------------------------
   1.  RESOURCE   USE: 
--------------------------------------------------------------------------------

| Flags:                                                                        
|    NONPERIODIC   ntb=0 and igb=0: Setting up nonperiodic simulation
|  *** cutoff > system size, list only builds once
|Largest sphere to fit in unit cell has radius =    31.134
| New format PARM file being parsed.
| Version =    1.000 Date = 11/09/21 Time = 09:43:40
 NATOM  =      34 NTYPES =       7 NBONH =      12 MBONA  =      25
 NTHETH =      23 MTHETA =      35 NPHIH =      51 MPHIA  =      54
 NHPARM =       0 NPARM  =       0 NNB   =     175 NRES   =       1
 NBONA  =      25 NTHETA =      35 NPHIA =      54 NUMBND =      13
 NUMANG =      20 NPTRA  =      15 NATYP =      11 NPHB   =       0
 IFBOX  =       0 NMXRS  =      34 IFCAP =       0 NEXTRA =       0
 NCOPY  =       0


|     Memory Use     Allocated
|     Real              706331
|     Hollerith            105
|     Integer            26134
|     Max Pairs            561
|     nblistReal           408
|     nblist Int       1052170
|       Total             9736 kbytes

| Note: 1-4 EEL scale factors are being read from the topology file.

| Note: 1-4 VDW scale factors are being read from the topology file.
| Duplicated    0 dihedrals
| Duplicated    0 dihedrals

--------------------------------------------------------------------------------
   2.  CONTROL  DATA  FOR  THE  RUN
--------------------------------------------------------------------------------

BioSimSpace Syst                                                                

General flags:
     imin    =       1, nmropt  =       0

Nature and format of input:
     ntx     =       1, irest   =       0, ntrx    =       1

Nature and format of output:
     ntxo    =       1, ntpr    =     100, ntrx    =       1, ntwr    =       1
     iwrap   =       0, ntwx    =       0, ntwv    =       0, ntwe    =       0
     ioutfm  =       1, ntwprt  =       0, idecomp =       0, rbornstat=      0

Potential function:
     ntf     =       1, ntb     =       0, igb     =       0, nsnb    =      25
     ipol    =       0, gbsa    =       0, iesp    =       0
     dielc   =   1.00000, cut     = 999.00000, intdiel =   1.00000

Frozen or restrained atoms:
     ibelly  =       0, ntr     =       0

Energy minimization:
     maxcyc  =    1000, ncyc    =    1000, ntmin   =       1
     dx0     =   0.01000, drms    =   0.00010
|  INFO: Old style inpcrd file read


--------------------------------------------------------------------------------
   3.  ATOMIC COORDINATES AND VELOCITIES
--------------------------------------------------------------------------------

BioSimSpace Syst                                                                
 begin time read from input coords =     0.000 ps

 Number of triangulated 3-point waters found:        0

     Sum of charges from parm topology file =   0.00000000
     Forcing neutrality...

--------------------------------------------------------------------------------
   4.  RESULTS
--------------------------------------------------------------------------------

 ---------------------------------------------------

     eedmeth=4: Setting switch to one everywhere

 ---------------------------------------------------
| Local SIZE OF NONBOND LIST =        393
| TOTAL SIZE OF NONBOND LIST =        393


   NSTEP       ENERGY          RMS            GMAX         NAME    NUMBER
      1       4.0517E+01     2.1671E+01     6.2190E+01     CAR        14

 BOND    =       14.9381  ANGLE   =       19.5552  DIHED      =        1.0557
 VDWAALS =       -2.1927  EEL     =      -30.1405  HBOND      =        0.0000
 1-4 VDW =       13.4757  1-4 EEL =       23.8257  RESTRAINT  =        0.0000


   NSTEP       ENERGY          RMS            GMAX         NAME    NUMBER
    100       1.3452E+01     1.0095E+00     3.2198E+00     CAK        10

 BOND    =        1.0781  ANGLE   =        9.7724  DIHED      =        0.7119
 VDWAALS =       -1.8606  EEL     =      -29.3825  HBOND      =        0.0000
 1-4 VDW =       10.7415  1-4 EEL =       22.3917  RESTRAINT  =        0.0000


   NSTEP       ENERGY          RMS            GMAX         NAME    NUMBER
    200       1.3016E+01     3.0895E-01     1.0730E+00     CAR        14

 BOND    =        1.0314  ANGLE   =        9.3776  DIHED      =        0.7519
 VDWAALS =       -1.8354  EEL     =      -29.3643  HBOND      =        0.0000
 1-4 VDW =       10.7087  1-4 EEL =       22.3465  RESTRAINT  =        0.0000


   NSTEP       ENERGY          RMS            GMAX         NAME    NUMBER
    300       1.2752E+01     2.7317E-01     9.2819E-01     CAL        11

 BOND    =        1.0313  ANGLE   =        9.1313  DIHED      =        0.8037
 VDWAALS =       -1.8374  EEL     =      -29.3544  HBOND      =        0.0000
 1-4 VDW =       10.6664  1-4 EEL =       22.3109  RESTRAINT  =        0.0000


   NSTEP       ENERGY          RMS            GMAX         NAME    NUMBER
    400       1.2564E+01     2.3832E-01     7.6003E-01     CAK        10

 BOND    =        1.0232  ANGLE   =        8.9671  DIHED      =        0.8618
 VDWAALS =       -1.8524  EEL     =      -29.3507  HBOND      =        0.0000
 1-4 VDW =       10.6287  1-4 EEL =       22.2868  RESTRAINT  =        0.0000


   NSTEP       ENERGY          RMS            GMAX         NAME    NUMBER
    500       1.2426E+01     1.2535E-01     3.4662E-01     CAL        11

 BOND    =        1.0254  ANGLE   =        8.8351  DIHED      =        0.9212
 VDWAALS =       -1.8733  EEL     =      -29.3503  HBOND      =        0.0000
 1-4 VDW =       10.6013  1-4 EEL =       22.2668  RESTRAINT  =        0.0000


   NSTEP       ENERGY          RMS            GMAX         NAME    NUMBER
    600       1.2322E+01     1.1380E-01     2.6595E-01     OAA        22

 BOND    =        1.0224  ANGLE   =        8.7411  DIHED      =        0.9794
 VDWAALS =       -1.8986  EEL     =      -29.3525  HBOND      =        0.0000
 1-4 VDW =       10.5780  1-4 EEL =       22.2523  RESTRAINT  =        0.0000


   NSTEP       ENERGY          RMS            GMAX         NAME    NUMBER
    700       1.2239E+01     1.3032E-01     3.5719E-01     CAL        11

 BOND    =        1.0238  ANGLE   =        8.6620  DIHED      =        1.0363
 VDWAALS =       -1.9261  EEL     =      -29.3559  HBOND      =        0.0000
 1-4 VDW =       10.5584  1-4 EEL =       22.2400  RESTRAINT  =        0.0000


   NSTEP       ENERGY          RMS            GMAX         NAME    NUMBER
    800       1.2173E+01     8.8395E-02     2.3180E-01     NAN        19

 BOND    =        1.0198  ANGLE   =        8.6061  DIHED      =        1.0889
 VDWAALS =       -1.9535  EEL     =      -29.3604  HBOND      =        0.0000
 1-4 VDW =       10.5412  1-4 EEL =       22.2309  RESTRAINT  =        0.0000


   NSTEP       ENERGY          RMS            GMAX         NAME    NUMBER
    900       1.2119E+01     3.3007E-01     1.1508E+00     CAR        14

 BOND    =        1.0211  ANGLE   =        8.5581  DIHED      =        1.1396
 VDWAALS =       -1.9819  EEL     =      -29.3654  HBOND      =        0.0000
 1-4 VDW =       10.5237  1-4 EEL =       22.2240  RESTRAINT  =        0.0000


   NSTEP       ENERGY          RMS            GMAX         NAME    NUMBER
   1000       1.2073E+01     2.5239E-01     7.2711E-01     CAK        10

 BOND    =        1.0227  ANGLE   =        8.5128  DIHED      =        1.1855
 VDWAALS =       -2.0065  EEL     =      -29.3703  HBOND      =        0.0000
 1-4 VDW =       10.5128  1-4 EEL =       22.2158  RESTRAINT  =        0.0000


  Maximum number of minimization cycles reached.


                    FINAL RESULTS



   NSTEP       ENERGY          RMS            GMAX         NAME    NUMBER
   1000       1.2073E+01     2.5239E-01     7.2711E-01     CAK        10

 BOND    =        1.0227  ANGLE   =        8.5128  DIHED      =        1.1855
 VDWAALS =       -2.0065  EEL     =      -29.3703  HBOND      =        0.0000
 1-4 VDW =       10.5128  1-4 EEL =       22.2158  RESTRAINT  =        0.0000

--------------------------------------------------------------------------------
   5.  TIMINGS
--------------------------------------------------------------------------------

|    Read coords time           0.00 ( 0.13% of Total)
|                Build the list             0.00 (85.60% of List )
|                Other                      0.00 (14.40% of List )
|             List time                  0.00 ( 1.15% of Nonbo)
|                   Short_ene time             0.04 (99.02% of Direc)
|                   Other                      0.00 ( 0.98% of Direc)
|                Direct Ewald time          0.04 (94.14% of Ewald)
|                Force Adjust               0.00 ( 0.09% of Ewald)
|                Virial junk                0.00 ( 0.16% of Ewald)
|                Start synchronizatio       0.00 ( 0.10% of Ewald)
|                Other                      0.00 ( 5.50% of Ewald)
|             Ewald time                 0.04 (98.39% of Nonbo)
|             IPS excludes               0.00 ( 0.08% of Nonbo)
|             Other                      0.00 ( 0.38% of Nonbo)
|          Nonbond force              0.05 (69.87% of Force)
|          Bond/Angle/Dihedral        0.02 (29.61% of Force)
|          Other                      0.00 ( 0.52% of Force)
|       Force time                 0.06 (100.0% of Runmd)
|    Runmd Time                 0.06 (40.98% of Total)
|    Other                      0.09 (58.88% of Total)
| Total time                 0.16 (100.0% of ALL  )

| Number of list builds   :          1

| Highest rstack allocated:        130
| Highest istack allocated:         26
|           Job began  at 09:43:41.357  on 11/09/2021
|           Setup done at 09:43:41.360  on 11/09/2021
|           Run   done at 09:43:41.516  on 11/09/2021
|     wallclock() was called   23035 times

|3D-RISM memory allocation summary
|Type          Maximum        Current   
|Integer       0.00000 GB     0.00000 GB
|Real          0.00000 GB     0.00000 GB
|Logical       0.00000 GB     0.00000 GB
|Character     0.00000 GB     0.00000 GB
|---------------------------------------
|Total         0.00000 GB     0.00000 GB
