
          -------------------------------------------------------
          Amber 21 SANDER                              2021
          -------------------------------------------------------

| Run on 11/09/2021 at 10:36:55

|   Executable path: /home/finlayclark/software/amber20/bin/sander
| Working directory: /home/finlayclark/Documents/research/restraint_comparison_mif/testing/dg_hyd/mif180_own_param/vacuum/input/hydration_free_energy_minimisation/notebook_work_dir/sander_igb6
|          Hostname: Unknown
  [-O]verwriting output

File Assignments:
|  MDIN: amber.cfg                                                             
| MDOUT: stdout                                                                
|INPCRD: amber.rst7                                                            
|  PARM: amber.prm7                                                            
|RESTRT: amber.crd                                                             
|  REFC: refc                                                                  
| MDVEL: mdvel                                                                 
| MDFRC: mdfrc                                                                 
|  MDEN: mden                                                                  
| MDCRD: mdcrd                                                                 
|MDINFO: amber.nrg                                                             
|  MTMD: mtmd                                                                  
|INPDIP: inpdip                                                                
|RSTDIP: rstdip                                                                
|INPTRA: inptraj                                                               


 Here is the input file:

Minimisation                                                                   
 &cntrl                                                                        
  imin=1,                                                                      
  ntx=1,                                                                       
  ntxo=1,                                                                      
  ntpr=100,                                                                    
  irest=0,                                                                     
  maxcyc=1000,                                                                 
  ncyc=1000,                                                                   
  ntb=0,                                                                       
  cut=999.,                                                                    
  igb=6                                                                        
 /                                                                             

--------------------------------------------------------------------------------
   1.  RESOURCE   USE: 
--------------------------------------------------------------------------------

| Flags:                                                                        
| New format PARM file being parsed.
| Version =    1.000 Date = 11/09/21 Time = 10:36:05
 NATOM  =      34 NTYPES =       7 NBONH =      12 MBONA  =      25
 NTHETH =      23 MTHETA =      35 NPHIH =      51 MPHIA  =      54
 NHPARM =       0 NPARM  =       0 NNB   =     175 NRES   =       1
 NBONA  =      25 NTHETA =      35 NPHIA =      54 NUMBND =      13
 NUMANG =      20 NPTRA  =      15 NATYP =      11 NPHB   =       0
 IFBOX  =       0 NMXRS  =      34 IFCAP =       0 NEXTRA =       0
 NCOPY  =       0

 Implicit solvent radii are modified Bondi radii (mbondi)                                                   

|     Memory Use     Allocated
|     Real              705413
|     Hollerith            105
|     Integer            21688
|     Max Pairs              1
|     nblistReal             0
|     nblist Int             0
|       Total             5596 kbytes

| Note: 1-4 EEL scale factors are being read from the topology file.

| Note: 1-4 VDW scale factors are being read from the topology file.
| Duplicated    0 dihedrals
| Duplicated    0 dihedrals

--------------------------------------------------------------------------------
   2.  CONTROL  DATA  FOR  THE  RUN
--------------------------------------------------------------------------------

BioSimSpace Syst                                                                

General flags:
     imin    =       1, nmropt  =       0

Nature and format of input:
     ntx     =       1, irest   =       0, ntrx    =       1

Nature and format of output:
     ntxo    =       1, ntpr    =     100, ntrx    =       1, ntwr    =       1
     iwrap   =       0, ntwx    =       0, ntwv    =       0, ntwe    =       0
     ioutfm  =       1, ntwprt  =       0, idecomp =       0, rbornstat=      0

Potential function:
     ntf     =       1, ntb     =       0, igb     =       6, nsnb    =      25
     ipol    =       0, gbsa    =       0, iesp    =       0
     dielc   =   1.00000, cut     = 999.00000, intdiel =   1.00000

Frozen or restrained atoms:
     ibelly  =       0, ntr     =       0

Energy minimization:
     maxcyc  =    1000, ncyc    =    1000, ntmin   =       1
     dx0     =   0.01000, drms    =   0.00010
|  INFO: Old style inpcrd file read


--------------------------------------------------------------------------------
   3.  ATOMIC COORDINATES AND VELOCITIES
--------------------------------------------------------------------------------

BioSimSpace Syst                                                                
 begin time read from input coords =     0.000 ps

 Number of triangulated 3-point waters found:        0

--------------------------------------------------------------------------------
   4.  RESULTS
--------------------------------------------------------------------------------



   NSTEP       ENERGY          RMS            GMAX         NAME    NUMBER
      1       4.0517E+01     2.1671E+01     6.2190E+01     CAR        14

 BOND    =       14.9381  ANGLE   =       19.5552  DIHED      =        1.0557
 VDWAALS =       -2.1927  EEL     =      -30.1405  EGB        =        0.0000
 1-4 VDW =       13.4757  1-4 EEL =       23.8257  RESTRAINT  =        0.0000


   NSTEP       ENERGY          RMS            GMAX         NAME    NUMBER
    100       1.3452E+01     1.0095E+00     3.2198E+00     CAK        10

 BOND    =        1.0781  ANGLE   =        9.7724  DIHED      =        0.7119
 VDWAALS =       -1.8606  EEL     =      -29.3825  EGB        =        0.0000
 1-4 VDW =       10.7415  1-4 EEL =       22.3917  RESTRAINT  =        0.0000


   NSTEP       ENERGY          RMS            GMAX         NAME    NUMBER
    200       1.3016E+01     3.0800E-01     1.0666E+00     CAR        14

 BOND    =        1.0313  ANGLE   =        9.3776  DIHED      =        0.7519
 VDWAALS =       -1.8354  EEL     =      -29.3643  EGB        =        0.0000
 1-4 VDW =       10.7088  1-4 EEL =       22.3465  RESTRAINT  =        0.0000


   NSTEP       ENERGY          RMS            GMAX         NAME    NUMBER
    300       1.2751E+01     1.7706E-01     4.7118E-01     CAL        11

 BOND    =        1.0289  ANGLE   =        9.1337  DIHED      =        0.8037
 VDWAALS =       -1.8377  EEL     =      -29.3545  EGB        =        0.0000
 1-4 VDW =       10.6658  1-4 EEL =       22.3115  RESTRAINT  =        0.0000


   NSTEP       ENERGY          RMS            GMAX         NAME    NUMBER
    400       1.2565E+01     2.3662E-01     7.7539E-01     CAR        14

 BOND    =        1.0242  ANGLE   =        8.9673  DIHED      =        0.8614
 VDWAALS =       -1.8524  EEL     =      -29.3507  EGB        =        0.0000
 1-4 VDW =       10.6286  1-4 EEL =       22.2870  RESTRAINT  =        0.0000


   NSTEP       ENERGY          RMS            GMAX         NAME    NUMBER
    500       1.2429E+01     2.0101E-01     7.1423E-01     CAL        11

 BOND    =        1.0273  ANGLE   =        8.8357  DIHED      =        0.9199
 VDWAALS =       -1.8726  EEL     =      -29.3501  EGB        =        0.0000
 1-4 VDW =       10.6023  1-4 EEL =       22.2668  RESTRAINT  =        0.0000


   NSTEP       ENERGY          RMS            GMAX         NAME    NUMBER
    600       1.2325E+01     1.1486E-01     2.8183E-01     OAA        22

 BOND    =        1.0227  ANGLE   =        8.7439  DIHED      =        0.9774
 VDWAALS =       -1.8977  EEL     =      -29.3524  EGB        =        0.0000
 1-4 VDW =       10.5786  1-4 EEL =       22.2528  RESTRAINT  =        0.0000


   NSTEP       ENERGY          RMS            GMAX         NAME    NUMBER
    700       1.2245E+01     3.9570E-01     1.2255E+00     CAR        14

 BOND    =        1.0189  ANGLE   =        8.6746  DIHED      =        1.0341
 VDWAALS =       -1.9257  EEL     =      -29.3562  EGB        =        0.0000
 1-4 VDW =       10.5574  1-4 EEL =       22.2416  RESTRAINT  =        0.0000


   NSTEP       ENERGY          RMS            GMAX         NAME    NUMBER
    800       1.2175E+01     1.0680E-01     2.8306E-01     CAK        10

 BOND    =        1.0189  ANGLE   =        8.6086  DIHED      =        1.0876
 VDWAALS =       -1.9528  EEL     =      -29.3604  EGB        =        0.0000
 1-4 VDW =       10.5417  1-4 EEL =       22.2312  RESTRAINT  =        0.0000


   NSTEP       ENERGY          RMS            GMAX         NAME    NUMBER
    900       1.2119E+01     9.4374E-02     2.4512E-01     CAL        11

 BOND    =        1.0193  ANGLE   =        8.5572  DIHED      =        1.1382
 VDWAALS =       -1.9802  EEL     =      -29.3653  EGB        =        0.0000
 1-4 VDW =       10.5266  1-4 EEL =       22.2228  RESTRAINT  =        0.0000


   NSTEP       ENERGY          RMS            GMAX         NAME    NUMBER
   1000       1.2074E+01     2.6631E-01     1.0051E+00     CAL        11

 BOND    =        1.0178  ANGLE   =        8.5174  DIHED      =        1.1849
 VDWAALS =       -2.0057  EEL     =      -29.3705  EGB        =        0.0000
 1-4 VDW =       10.5143  1-4 EEL =       22.2153  RESTRAINT  =        0.0000


  Maximum number of minimization cycles reached.


                    FINAL RESULTS



   NSTEP       ENERGY          RMS            GMAX         NAME    NUMBER
   1000       1.2074E+01     2.6631E-01     1.0051E+00     CAL        11

 BOND    =        1.0178  ANGLE   =        8.5174  DIHED      =        1.1849
 VDWAALS =       -2.0057  EEL     =      -29.3705  EGB        =        0.0000
 1-4 VDW =       10.5143  1-4 EEL =       22.2153  RESTRAINT  =        0.0000

--------------------------------------------------------------------------------
   5.  TIMINGS
--------------------------------------------------------------------------------

|    Read coords time           0.00 ( 0.52% of Total)
|    Fast Water setup           0.00 ( 0.01% of Total)
|                Calc gb off-diag           0.01 (98.85% of Gen B)
|                Other                      0.00 ( 1.15% of Gen B)
|             Gen Born time              0.01 (99.66% of Nonbo)
|             IPS excludes               0.00 ( 0.34% of Nonbo)
|          Nonbond force              0.01 (34.21% of Force)
|          Bond/Angle/Dihedral        0.02 (63.85% of Force)
|          Other                      0.00 ( 1.94% of Force)
|       Force time                 0.03 (100.0% of Runmd)
|    Runmd Time                 0.03 (23.50% of Total)
|    Other                      0.11 (75.97% of Total)
| Total time                 0.14 (100.0% of ALL  )

| Number of list builds   :          0

| Highest rstack allocated:          0
| Highest istack allocated:          0
|           Job began  at 10:36:55.238  on 11/09/2021
|           Setup done at 10:36:55.268  on 11/09/2021
|           Run   done at 10:36:55.377  on 11/09/2021
|     wallclock() was called   12022 times

|3D-RISM memory allocation summary
|Type          Maximum        Current   
|Integer       0.00000 GB     0.00000 GB
|Real          0.00000 GB     0.00000 GB
|Logical       0.00000 GB     0.00000 GB
|Character     0.00000 GB     0.00000 GB
|---------------------------------------
|Total         0.00000 GB     0.00000 GB
